Projet AR bertrandt/Library/Bee/Android/Prj/IL2CPP/Gradle/unityLibrary/build/intermediates/manifest_merge_blame_file/release/manifest-merger-blame-release-report.txt
1<?xml version="1.0" encoding="utf-8"?>
2<manifest xmlns:android="http://schemas.android.com/apk/res/android"
3    xmlns:tools="http://schemas.android.com/tools"
4    package="com.unity3d.player" >
5
6    <uses-sdk android:minSdkVersion="24" />
6-->src\main\AndroidManifest.xml
7
8    <uses-permission android:name="android.permission.INTERNET" />
8-->src\main\AndroidManifest.xml:3:3-65
8-->src\main\AndroidManifest.xml:3:20-62
9
10    <uses-feature android:glEsVersion="0x00030000" />
10-->src\main\AndroidManifest.xml:4:3-52
10-->src\main\AndroidManifest.xml:4:17-49
11    <uses-feature
11-->src\main\AndroidManifest.xml:5:3-88
12        android:name="android.hardware.touchscreen"
12-->src\main\AndroidManifest.xml:5:17-60
13        android:required="false" />
13-->src\main\AndroidManifest.xml:5:61-85
14    <uses-feature
14-->src\main\AndroidManifest.xml:6:3-99
15        android:name="android.hardware.touchscreen.multitouch"
15-->src\main\AndroidManifest.xml:6:17-71
16        android:required="false" />
16-->src\main\AndroidManifest.xml:6:72-96
17    <uses-feature
17-->src\main\AndroidManifest.xml:7:3-108
18        android:name="android.hardware.touchscreen.multitouch.distinct"
18-->src\main\AndroidManifest.xml:7:17-80
19        android:required="false" />
19-->src\main\AndroidManifest.xml:7:81-105
20
21    <uses-permission android:name="android.permission.CAMERA" />
21-->src\main\AndroidManifest.xml:27:3-63
21-->src\main\AndroidManifest.xml:27:20-60
22
23    <uses-feature
23-->src\main\AndroidManifest.xml:28:3-85
24        android:name="android.hardware.camera.ar"
24-->src\main\AndroidManifest.xml:28:17-58
25        android:required="true" />
25-->src\main\AndroidManifest.xml:28:59-82
26    <uses-feature
26-->src\main\AndroidManifest.xml:29:3-83
27        android:name="com.google.ar.core.depth"
27-->src\main\AndroidManifest.xml:29:17-56
28        android:required="true" />
28-->src\main\AndroidManifest.xml:29:57-80
29
30    <application android:extractNativeLibs="true" >
30-->src\main\AndroidManifest.xml:8:3-26:17
30-->src\main\AndroidManifest.xml:8:16-48
31        <meta-data
31-->src\main\AndroidManifest.xml:9:5-69
32            android:name="unity.splash-mode"
32-->src\main\AndroidManifest.xml:9:16-48
33            android:value="0" />
33-->src\main\AndroidManifest.xml:9:49-66
34        <meta-data
34-->src\main\AndroidManifest.xml:10:5-74
35            android:name="unity.splash-enable"
35-->src\main\AndroidManifest.xml:10:16-50
36            android:value="True" />
36-->src\main\AndroidManifest.xml:10:51-71
37        <meta-data
37-->src\main\AndroidManifest.xml:11:5-78
38            android:name="unity.launch-fullscreen"
38-->src\main\AndroidManifest.xml:11:16-54
39            android:value="True" />
39-->src\main\AndroidManifest.xml:11:55-75
40        <meta-data
40-->src\main\AndroidManifest.xml:12:5-72
41            android:name="android.max_aspect"
41-->src\main\AndroidManifest.xml:12:16-49
42            android:value="2.1" />
42-->src\main\AndroidManifest.xml:12:50-69
43        <meta-data
43-->src\main\AndroidManifest.xml:13:5-84
44            android:name="unity.render-outside-safearea"
44-->src\main\AndroidManifest.xml:13:16-60
45            android:value="True" />
45-->src\main\AndroidManifest.xml:13:61-81
46        <meta-data
46-->src\main\AndroidManifest.xml:14:5-81
47            android:name="notch.config"
47-->src\main\AndroidManifest.xml:14:16-43
48            android:value="portrait|landscape" />
48-->src\main\AndroidManifest.xml:14:44-78
49        <meta-data
49-->src\main\AndroidManifest.xml:15:5-84
50            android:name="unity.auto-report-fully-drawn"
50-->src\main\AndroidManifest.xml:15:16-60
51            android:value="true" />
51-->src\main\AndroidManifest.xml:15:61-81
52
53        <activity
53-->src\main\AndroidManifest.xml:16:5-23:16
54            android:name="com.unity3d.player.UnityPlayerActivity"
54-->src\main\AndroidManifest.xml:16:15-68
55            android:configChanges="mcc|mnc|locale|touchscreen|keyboard|keyboardHidden|navigation|orientation|screenLayout|uiMode|screenSize|smallestScreenSize|fontScale|layoutDirection|density"
55-->src\main\AndroidManifest.xml:16:180-361
56            android:hardwareAccelerated="false"
56-->src\main\AndroidManifest.xml:16:397-432
57            android:launchMode="singleTask"
57-->src\main\AndroidManifest.xml:16:148-179
58            android:resizeableActivity="false"
58-->src\main\AndroidManifest.xml:16:362-396
59            android:screenOrientation="portrait"
59-->src\main\AndroidManifest.xml:16:111-147
60            android:theme="@style/UnityThemeSelector" >
60-->src\main\AndroidManifest.xml:16:69-110
61            <intent-filter>
61-->src\main\AndroidManifest.xml:17:7-20:23
62                <category android:name="android.intent.category.LAUNCHER" />
62-->src\main\AndroidManifest.xml:18:9-69
62-->src\main\AndroidManifest.xml:18:19-66
63
64                <action android:name="android.intent.action.MAIN" />
64-->src\main\AndroidManifest.xml:19:9-61
64-->src\main\AndroidManifest.xml:19:17-58
65            </intent-filter>
66
67            <meta-data
67-->src\main\AndroidManifest.xml:21:7-82
68                android:name="unityplayer.UnityActivity"
68-->src\main\AndroidManifest.xml:21:18-58
69                android:value="true" />
69-->src\main\AndroidManifest.xml:21:59-79
70            <meta-data
70-->src\main\AndroidManifest.xml:22:7-70
71                android:name="notch_support"
71-->src\main\AndroidManifest.xml:22:18-46
72                android:value="true" />
72-->src\main\AndroidManifest.xml:22:47-67
73        </activity>
74
75        <meta-data
75-->src\main\AndroidManifest.xml:24:5-88
76            android:name="unityplayer.SkipPermissionsDialog"
76-->src\main\AndroidManifest.xml:24:16-64
77            android:value="true" />
77-->src\main\AndroidManifest.xml:24:65-85
78        <meta-data
78-->src\main\AndroidManifest.xml:25:5-77
79            android:name="com.google.ar.core"
79-->src\main\AndroidManifest.xml:25:16-49
80            android:value="required" />
80-->src\main\AndroidManifest.xml:25:50-74
81    </application>
82
83</manifest>